<?xml version="1.0" encoding="UTF-8"?>
<testsuite xmlns:xsi="http://www.w3.org/2001/XMLSchema-instance" xsi:noNamespaceSchemaLocation="https://maven.apache.org/surefire/maven-surefire-plugin/xsd/surefire-test-report-3.0.xsd" version="3.0" name="com.devendra.junitdemo.DemoUtilsTest" time="2.061" tests="9" errors="0" skipped="0" failures="0">
  <properties>
[...]
</properties>
  <testcase name="testSameAndNotSame" classname="com.devendra.junitdemo.DemoUtilsTest" time="0.016"/>
  <testcase name="testThrowsAndDoesNotThrow" classname="com.devendra.junitdemo.DemoUtilsTest" time="0.001"/>
  <testcase name="testNullAndNotNull" classname="com.devendra.junitdemo.DemoUtilsTest" time="0.001"/>
  <testcase name="testIterableEquals" classname="com.devendra.junitdemo.DemoUtilsTest" time="0.001"/>
  <testcase name="testEqualsAndNotEquals" classname="com.devendra.junitdemo.DemoUtilsTest" time="0.001"/>
  <testcase name="testTimeout" classname="com.devendra.junitdemo.DemoUtilsTest" time="2.009">
    <system-out><![CDATA[I am going to sleep
Sleeping over
]]></system-out>
  </testcase>
  <testcase name="testLinesMatch" classname="com.devendra.junitdemo.DemoUtilsTest" time="0.006"/>
  <testcase name="testArrayEquals" classname="com.devendra.junitdemo.DemoUtilsTest" time="0.003"/>
  <testcase name="testTrueAndFalse" classname="com.devendra.junitdemo.DemoUtilsTest" time="0.002"/>
</testsuite>